<?xml version="1.0" encoding="UTF-8"?>
<!-- Generated by org.testng.reporters.JUnitReportReporter -->
<testsuite skipped="0" hostname="LAPTOP-I51FBD39" name="testNGproject.test01" tests="3" failures="0" timestamp="2021-08-05T10:47:13 IST" time="0.008" errors="0">
  <testcase name="demo1" time="0.000" classname="testNGproject.test01"/>
  <system-out>
    <![CDATA[helloo]]>
  </system-out>
  <testcase name="demo" time="0.006" classname="testNGproject.test01"/>
  <system-out>
    <![CDATA[helloo]]>
  </system-out>
  <testcase name="demo2" time="0.002" classname="testNGproject.test01"/>
  <system-out>
    <![CDATA[helloo]]>
  </system-out>
</testsuite> <!-- testNGproject.test01 -->
