<?xml version="1.0" encoding="UTF-8"?>
<!-- Generated by org.testng.reporters.JUnitReportReporter -->
<testsuite skipped="0" hostname="LAPTOP-I51FBD39" name="Project.TC_05Test" tests="1" failures="0" timestamp="2021-08-11T11:18:50 IST" time="0.001" errors="0">
  <testcase name="beforemodifier" time="0.001" classname="Project.TC_05Test"/>
  <system-out>
    <![CDATA[from before modifier reg]]>
  </system-out>
</testsuite> <!-- Project.TC_05Test -->
