<?xml version="1.0" encoding="UTF-8"?>
<!-- Generated by org.testng.reporters.JUnitReportReporter -->
<testsuite skipped="0" hostname="LAPTOP-I51FBD39" name="Project.TC_04Test" tests="1" failures="0" timestamp="2021-08-11T10:28:05 IST" time="0.001" errors="0">
  <testcase name="modifier" time="0.001" classname="Project.TC_04Test"/>
  <system-out>
    <![CDATA[from modifier method]]>
  </system-out>
</testsuite> <!-- Project.TC_04Test -->
