<?xml version="1.0" encoding="UTF-8"?>
<!-- Generated by org.testng.reporters.JUnitReportReporter -->
<testsuite skipped="0" hostname="LAPTOP-I51FBD39" name="Project.bTc_03Test" tests="2" failures="0" timestamp="2021-08-12T13:57:50 IST" time="16.981" errors="0">
  <testcase name="operate" time="8.220" classname="Project.bTc_03Test"/>
  <system-out/>
  <testcase name="operate" time="8.761" classname="Project.bTc_03Test"/>
  <system-out/>
</testsuite> <!-- Project.bTc_03Test -->
