<?xml version="1.0" encoding="UTF-8"?>
<!-- Generated by org.testng.reporters.JUnitReportReporter -->
<testsuite skipped="0" hostname="LAPTOP-I51FBD39" name="Project.TC_02Test" tests="2" failures="0" timestamp="2021-08-11T11:18:50 IST" time="0.008" errors="0">
  <testcase name="sample" time="0.000" classname="Project.TC_02Test"/>
  <system-out>
    <![CDATA[from sample method reg]]>
  </system-out>
  <testcase name="demo" time="0.008" classname="Project.TC_02Test"/>
  <system-out>
    <![CDATA[from  demo]]>
  </system-out>
</testsuite> <!-- Project.TC_02Test -->
