<?xml version="1.0" encoding="UTF-8"?>
<!-- Generated by org.testng.reporters.JUnitReportReporter -->
<testsuite skipped="0" hostname="LAPTOP-I51FBD39" name="Project.TC_03Test" tests="1" failures="0" timestamp="2021-08-11T10:28:05 IST" time="0.006" errors="0">
  <testcase name="application" time="0.006" classname="Project.TC_03Test"/>
  <system-out>
    <![CDATA[hello from application]]>
  </system-out>
</testsuite> <!-- Project.TC_03Test -->
