<?xml version="1.0" encoding="UTF-8"?>
<!-- Generated by org.testng.reporters.JUnitReportReporter -->
<testsuite skipped="0" hostname="LAPTOP-I51FBD39" name="Project.BaseClass" tests="1" failures="0" timestamp="2021-08-12T10:16:38 IST" time="2.632" errors="0">
  <testcase name="reaData" time="2.632" classname="Project.BaseClass"/>
  <system-out/>
</testsuite> <!-- Project.BaseClass -->
