<?xml version="1.0" encoding="UTF-8"?>
<!-- Generated by org.testng.reporters.JUnitReportReporter -->
<testsuite skipped="0" hostname="LAPTOP-I51FBD39" name="Project.bTc_01Test" tests="2" failures="0" timestamp="2021-08-12T13:57:50 IST" time="9.653" errors="0">
  <testcase name="operate" time="2.765" classname="Project.bTc_01Test"/>
  <system-out/>
  <testcase name="operate" time="6.888" classname="Project.bTc_01Test"/>
  <system-out/>
</testsuite> <!-- Project.bTc_01Test -->
