<?xml version="1.0" encoding="UTF-8"?>
<!-- Generated by org.testng.reporters.JUnitReportReporter -->
<testsuite skipped="0" hostname="LAPTOP-I51FBD39" name="vtiger.searchRecordsAlphabetically" tests="1" failures="0" timestamp="2021-08-14T13:36:02 IST" time="20.671" errors="0">
  <testcase name="TC_20" time="20.671" classname="vtiger.searchRecordsAlphabetically"/>
  <system-out/>
</testsuite> <!-- vtiger.searchRecordsAlphabetically -->
