<?xml version="1.0" encoding="UTF-8"?>
<!-- Generated by org.testng.reporters.JUnitReportReporter -->
<testsuite skipped="0" hostname="LAPTOP-I51FBD39" name="vtiger.checkTheDeleteFunctionality" tests="1" failures="0" timestamp="2021-08-22T15:46:07 IST" time="20.579" errors="0">
  <testcase name="TC_16" time="20.579" classname="vtiger.checkTheDeleteFunctionality"/>
  <system-out/>
</testsuite> <!-- vtiger.checkTheDeleteFunctionality -->
