<?xml version="1.0" encoding="UTF-8"?>
<!-- Generated by org.testng.reporters.JUnitReportReporter -->
<testsuite skipped="0" hostname="LAPTOP-I51FBD39" name="vtiger.UsingDelPresentInActionColumn" tests="1" failures="0" timestamp="2021-08-13T18:13:28 IST" time="10.478" errors="0">
  <testcase name="TC_19" time="10.478" classname="vtiger.UsingDelPresentInActionColumn"/>
  <system-out/>
</testsuite> <!-- vtiger.UsingDelPresentInActionColumn -->
